2023-05-20是休息日粗去玩~~~
日志更新


2023-05-21是休息日粗去玩~~~
日志更新


2023-05-22 是工作日
代码拉取成功
{'GG': True}
执行上班任务中~~~~
Starting: Intent { act=android.intent.action.MAIN cat=[android.intent.category.LAUNCHER] cmp=com.tencent.wework/.launch.LaunchSplashActivity }
执行上班任务成功！！！！

日志更新


2023-05-23 是工作日
代码拉取成功
{'GG': True}
执行上班任务中~~~~
Starting: Intent { act=android.intent.action.MAIN cat=[android.intent.category.LAUNCHER] cmp=com.tencent.wework/.launch.LaunchSplashActivity }
执行上班任务成功！！！！

日志更新


2023-05-24 是工作日
代码拉取成功
{'GG': True}
执行上班任务中~~~~
Starting: Intent { act=android.intent.action.MAIN cat=[android.intent.category.LAUNCHER] cmp=com.tencent.wework/.launch.LaunchSplashActivity }
执行上班任务成功！！！！

日志更新


2023-05-25 是工作日
代码拉取成功
{'GG': True}
执行上班任务中~~~~
Starting: Intent { act=android.intent.action.MAIN cat=[android.intent.category.LAUNCHER] cmp=com.tencent.wework/.launch.LaunchSplashActivity }
执行上班任务成功！！！！

日志更新


2023-05-26 是工作日
代码拉取成功
{'GG': True}
执行上班任务中~~~~
Starting: Intent { act=android.intent.action.MAIN cat=[android.intent.category.LAUNCHER] cmp=com.tencent.wework/.launch.LaunchSplashActivity }
执行上班任务成功！！！！

日志更新


2023-05-27是休息日粗去玩~~~
日志更新


2023-05-28是休息日粗去玩~~~
日志更新


2023-05-29 是工作日
代码拉取成功
{'GG': False}
请假啦~~~~~
日志更新


2023-05-30 是工作日
代码拉取成功
{'GG': True}
执行上班任务中~~~~
Starting: Intent { act=android.intent.action.MAIN cat=[android.intent.category.LAUNCHER] cmp=com.tencent.wework/.launch.LaunchSplashActivity }
执行上班任务成功！！！！

日志更新


2023-05-31 是工作日
代码拉取成功
{'GG': True}
执行上班任务中~~~~
Starting: Intent { act=android.intent.action.MAIN cat=[android.intent.category.LAUNCHER] cmp=com.tencent.wework/.launch.LaunchSplashActivity }
执行上班任务成功！！！！

日志更新


延迟3分钟
2023-06-01 是工作日
代码拉取成功
{'GG': True}
执行上班任务中~~~~
Starting: Intent { act=android.intent.action.MAIN cat=[android.intent.category.LAUNCHER] cmp=com.tencent.wework/.launch.LaunchSplashActivity }
执行上班任务成功！！！！

日志更新


延迟4分钟
2023-06-02 是工作日
代码拉取成功
{'GG': True}
执行上班任务中~~~~
Starting: Intent { act=android.intent.action.MAIN cat=[android.intent.category.LAUNCHER] cmp=com.tencent.wework/.launch.LaunchSplashActivity }
执行上班任务成功！！！！

日志更新


延迟4分钟
2023-06-03是休息日粗去玩~~~
日志更新


延迟1分钟
2023-06-04是休息日粗去玩~~~
日志更新


延迟2分钟
2023-06-05 是工作日
代码拉取成功
{'GG': True}
执行上班任务中~~~~
Starting: Intent { act=android.intent.action.MAIN cat=[android.intent.category.LAUNCHER] cmp=com.tencent.wework/.launch.LaunchSplashActivity }
执行上班任务成功！！！！

日志更新


延迟5分钟
2023-06-06 是工作日
代码拉取成功
{'GG': True}
执行上班任务中~~~~
Starting: Intent { act=android.intent.action.MAIN cat=[android.intent.category.LAUNCHER] cmp=com.tencent.wework/.launch.LaunchSplashActivity }
执行上班任务成功！！！！

日志更新


延迟2分钟
2023-06-07 是工作日
代码拉取成功
{'GG': True}
执行上班任务中~~~~
Starting: Intent { act=android.intent.action.MAIN cat=[android.intent.category.LAUNCHER] cmp=com.tencent.wework/.launch.LaunchSplashActivity }
执行上班任务成功！！！！

日志更新


延迟7分钟
2023-06-08 是工作日
代码拉取成功
{'GG': True}
执行上班任务中~~~~
Starting: Intent { act=android.intent.action.MAIN cat=[android.intent.category.LAUNCHER] cmp=com.tencent.wework/.launch.LaunchSplashActivity }
执行上班任务成功！！！！

日志更新


延迟3分钟
2023-06-09 是工作日
代码拉取成功
{'GG': True, 'sleep': 0}
执行上班任务中~~~~
Starting: Intent { act=android.intent.action.MAIN cat=[android.intent.category.LAUNCHER] cmp=com.tencent.wework/.launch.LaunchSplashActivity }
执行上班任务成功！！！！

日志更新


延迟1分钟
2023-06-10是休息日粗去玩~~~
日志更新


延迟5分钟
2023-06-11是休息日粗去玩~~~
日志更新


延迟1分钟
2023-06-12 是工作日
代码拉取成功
{'GG': True, 'sleep': 0}
执行上班任务中~~~~
Starting: Intent { act=android.intent.action.MAIN cat=[android.intent.category.LAUNCHER] cmp=com.tencent.wework/.launch.LaunchSplashActivity }
执行上班任务成功！！！！

日志更新


延迟2分钟
2023-06-13 是工作日
代码拉取成功
{'GG': False, 'sleep': 0}
请假啦~~~~~
日志更新


延迟2分钟
2023-06-14 是工作日
代码拉取成功
{'GG': True, 'sleep': 8}
执行上班任务中~~~~
Starting: Intent { act=android.intent.action.MAIN cat=[android.intent.category.LAUNCHER] cmp=com.tencent.wework/.launch.LaunchSplashActivity }
执行上班任务成功！！！！

日志更新


延迟6分钟
2023-06-15 是工作日
代码拉取成功
{'GG': True, 'sleep': 0}
执行上班任务中~~~~
Starting: Intent { act=android.intent.action.MAIN cat=[android.intent.category.LAUNCHER] cmp=com.tencent.wework/.launch.LaunchSplashActivity }
执行上班任务成功！！！！

日志更新


延迟2分钟
2023-06-16 是工作日
代码拉取成功
{'GG': True, 'sleep': 0}
执行上班任务中~~~~
Starting: Intent { act=android.intent.action.MAIN cat=[android.intent.category.LAUNCHER] cmp=com.tencent.wework/.launch.LaunchSplashActivity }
执行上班任务成功！！！！

日志更新


延迟3分钟
2023-06-17是休息日粗去玩~~~
日志更新


延迟6分钟
2023-06-18是休息日粗去玩~~~
日志更新


