2023-05-19是工作日
{'GG': True}
执行下班任务中~~~
Starting: Intent { act=android.intent.action.MAIN cat=[android.intent.category.LAUNCHER] cmp=com.tencent.wework/.launch.LaunchSplashActivity }
执行下班任务成功！！！！

2023-05-20是休息日粗去玩~~~
2023-05-21是休息日粗去玩~~~
2023-05-22是工作日
{'GG': True}
执行下班任务中~~~
Starting: Intent { act=android.intent.action.MAIN cat=[android.intent.category.LAUNCHER] cmp=com.tencent.wework/.launch.LaunchSplashActivity }
执行下班任务成功！！！！

2023-05-23是工作日
{'GG': True}
执行下班任务中~~~
Starting: Intent { act=android.intent.action.MAIN cat=[android.intent.category.LAUNCHER] cmp=com.tencent.wework/.launch.LaunchSplashActivity }
执行下班任务成功！！！！

2023-05-24是工作日
{'GG': True}
执行下班任务中~~~
Starting: Intent { act=android.intent.action.MAIN cat=[android.intent.category.LAUNCHER] cmp=com.tencent.wework/.launch.LaunchSplashActivity }
执行下班任务成功！！！！

2023-05-24是工作日
{'GG': True}
执行下班任务中~~~
Starting: Intent { act=android.intent.action.MAIN cat=[android.intent.category.LAUNCHER] cmp=com.tencent.wework/.launch.LaunchSplashActivity }
执行下班任务成功！！！！

2023-05-25是工作日
{'GG': True}
执行下班任务中~~~
Starting: Intent { act=android.intent.action.MAIN cat=[android.intent.category.LAUNCHER] cmp=com.tencent.wework/.launch.LaunchSplashActivity }
执行下班任务成功！！！！

2023-05-26是工作日
{'GG': True}
执行下班任务中~~~
Starting: Intent { act=android.intent.action.MAIN cat=[android.intent.category.LAUNCHER] cmp=com.tencent.wework/.launch.LaunchSplashActivity }
执行下班任务成功！！！！

2023-05-27是休息日粗去玩~~~
2023-05-28是休息日粗去玩~~~
2023-05-29是工作日
{'GG': False}
请假啦~~~~~
2023-05-30是工作日
{'GG': True}
执行下班任务中~~~
Starting: Intent { act=android.intent.action.MAIN cat=[android.intent.category.LAUNCHER] cmp=com.tencent.wework/.launch.LaunchSplashActivity }
执行下班任务成功！！！！

延迟2分钟
2023-05-31是工作日
{'GG': True}
执行下班任务中~~~
Starting: Intent { act=android.intent.action.MAIN cat=[android.intent.category.LAUNCHER] cmp=com.tencent.wework/.launch.LaunchSplashActivity }
执行下班任务成功！！！！

延迟2分钟
2023-06-01是工作日
{'GG': True}
执行下班任务中~~~
Starting: Intent { act=android.intent.action.MAIN cat=[android.intent.category.LAUNCHER] cmp=com.tencent.wework/.launch.LaunchSplashActivity }
执行下班任务成功！！！！

adb: no devices/emulators found
adb: no devices/emulators found
adb: no devices/emulators found
adb: no devices/emulators found
adb: no devices/emulators found
adb: no devices/emulators found
延迟1分钟
2023-06-02是工作日
{'GG': True}
执行下班任务中~~~
执行下班任务成功！！！！

延迟1分钟
2023-06-03是休息日粗去玩~~~
延迟1分钟
2023-06-04是休息日粗去玩~~~
延迟2分钟
2023-06-05是工作日
{'GG': True}
执行下班任务中~~~
Starting: Intent { act=android.intent.action.MAIN cat=[android.intent.category.LAUNCHER] cmp=com.tencent.wework/.launch.LaunchSplashActivity }
执行下班任务成功！！！！

延迟1分钟
2023-06-06是工作日
{'GG': True}
执行下班任务中~~~
Starting: Intent { act=android.intent.action.MAIN cat=[android.intent.category.LAUNCHER] cmp=com.tencent.wework/.launch.LaunchSplashActivity }
执行下班任务成功！！！！

延迟1分钟
2023-06-07是工作日
{'GG': True}
执行下班任务中~~~
Starting: Intent { act=android.intent.action.MAIN cat=[android.intent.category.LAUNCHER] cmp=com.tencent.wework/.launch.LaunchSplashActivity }
执行下班任务成功！！！！

延迟2分钟
2023-06-08是工作日
{'GG': True, 'sleep': 0}
执行下班任务中~~~
Starting: Intent { act=android.intent.action.MAIN cat=[android.intent.category.LAUNCHER] cmp=com.tencent.wework/.launch.LaunchSplashActivity }
执行下班任务成功！！！！

延迟1分钟
2023-06-09是工作日
{'GG': True, 'sleep': 0}
执行下班任务中~~~
Starting: Intent { act=android.intent.action.MAIN cat=[android.intent.category.LAUNCHER] cmp=com.tencent.wework/.launch.LaunchSplashActivity }
执行下班任务成功！！！！

延迟2分钟
2023-06-10是休息日粗去玩~~~
延迟1分钟
2023-06-11是休息日粗去玩~~~
延迟1分钟
2023-06-12是工作日
{'GG': True, 'sleep': 0}
执行下班任务中~~~
Starting: Intent { act=android.intent.action.MAIN cat=[android.intent.category.LAUNCHER] cmp=com.tencent.wework/.launch.LaunchSplashActivity }
执行下班任务成功！！！！

延迟2分钟
2023-06-13是工作日
{'GG': False, 'sleep': 0}
请假啦~~~~~
延迟1分钟
2023-06-14是工作日
{'GG': True, 'sleep': 8}
执行下班任务中~~~
Starting: Intent { act=android.intent.action.MAIN cat=[android.intent.category.LAUNCHER] cmp=com.tencent.wework/.launch.LaunchSplashActivity }
执行下班任务成功！！！！

延迟2分钟
2023-06-15是工作日
{'GG': True, 'sleep': 0}
执行下班任务中~~~
Starting: Intent { act=android.intent.action.MAIN cat=[android.intent.category.LAUNCHER] cmp=com.tencent.wework/.launch.LaunchSplashActivity }
执行下班任务成功！！！！

延迟1分钟
2023-06-16是工作日
{'GG': True, 'sleep': 0}
执行下班任务中~~~
Starting: Intent { act=android.intent.action.MAIN cat=[android.intent.category.LAUNCHER] cmp=com.tencent.wework/.launch.LaunchSplashActivity }
执行下班任务成功！！！！

延迟2分钟
2023-06-17是休息日粗去玩~~~
延迟1分钟
2023-06-18是休息日粗去玩~~~
延迟2分钟
2023-06-19是工作日
{'GG': True, 'sleep': 0}
执行下班任务中~~~
Starting: Intent { act=android.intent.action.MAIN cat=[android.intent.category.LAUNCHER] cmp=com.tencent.wework/.launch.LaunchSplashActivity }
执行下班任务成功！！！！

延迟2分钟
2023-06-20是工作日
{'GG': True, 'sleep': 0}
执行下班任务中~~~
Starting: Intent { act=android.intent.action.MAIN cat=[android.intent.category.LAUNCHER] cmp=com.tencent.wework/.launch.LaunchSplashActivity }
执行下班任务成功！！！！

延迟2分钟
2023-06-21是工作日
{'GG': True, 'sleep': 0}
执行下班任务中~~~
Starting: Intent { act=android.intent.action.MAIN cat=[android.intent.category.LAUNCHER] cmp=com.tencent.wework/.launch.LaunchSplashActivity }
执行下班任务成功！！！！

延迟2分钟
2023-06-22是休息日粗去玩~~~
延迟2分钟
2023-06-23是休息日粗去玩~~~
延迟1分钟
2023-06-24是休息日粗去玩~~~
adb: more than one device/emulator
adb: more than one device/emulator
adb: more than one device/emulator
adb: more than one device/emulator
adb: more than one device/emulator
adb: more than one device/emulator
延迟1分钟
2023-06-25是工作日
{'GG': True, 'sleep': 0}
执行下班任务中~~~
执行下班任务成功！！！！

延迟1分钟
2023-06-26是工作日
{'GG': True, 'sleep': 0}
执行下班任务中~~~
Starting: Intent { act=android.intent.action.MAIN cat=[android.intent.category.LAUNCHER] cmp=com.tencent.wework/.launch.LaunchSplashActivity }
执行下班任务成功！！！！

延迟1分钟
2023-06-27是工作日
{'GG': True, 'sleep': 10}
执行下班任务中~~~
Starting: Intent { act=android.intent.action.MAIN cat=[android.intent.category.LAUNCHER] cmp=com.tencent.wework/.launch.LaunchSplashActivity }
执行下班任务成功！！！！

延迟2分钟
2023-06-28是工作日
{'GG': True, 'sleep': 10}
执行下班任务中~~~
Starting: Intent { act=android.intent.action.MAIN cat=[android.intent.category.LAUNCHER] cmp=com.tencent.wework/.launch.LaunchSplashActivity }
执行下班任务成功！！！！

延迟1分钟
2023-06-29是工作日
{'GG': True, 'sleep': 0}
执行下班任务中~~~
Starting: Intent { act=android.intent.action.MAIN cat=[android.intent.category.LAUNCHER] cmp=com.tencent.wework/.launch.LaunchSplashActivity }
执行下班任务成功！！！！

延迟1分钟
2023-06-30是工作日
{'GG': True, 'sleep': 0}
执行下班任务中~~~
Starting: Intent { act=android.intent.action.MAIN cat=[android.intent.category.LAUNCHER] cmp=com.tencent.wework/.launch.LaunchSplashActivity }
执行下班任务成功！！！！

延迟2分钟
2023-07-01是休息日粗去玩~~~
延迟2分钟
2023-07-02是休息日粗去玩~~~
延迟2分钟
2023-07-03是工作日
{'GG': True, 'sleep': 10}
执行下班任务中~~~
Starting: Intent { act=android.intent.action.MAIN cat=[android.intent.category.LAUNCHER] cmp=com.tencent.wework/.launch.LaunchSplashActivity }
执行下班任务成功！！！！

延迟1分钟
2023-07-04是工作日
{'GG': False, 'sleep': 0}
请假啦~~~~~
延迟1分钟
2023-07-05是工作日
{'GG': True, 'sleep': 10}
执行下班任务中~~~
Starting: Intent { act=android.intent.action.MAIN cat=[android.intent.category.LAUNCHER] cmp=com.tencent.wework/.launch.LaunchSplashActivity }
执行下班任务成功！！！！

延迟1分钟
2023-07-06是工作日
{'GG': True, 'sleep': 20}
执行下班任务中~~~
Starting: Intent { act=android.intent.action.MAIN cat=[android.intent.category.LAUNCHER] cmp=com.tencent.wework/.launch.LaunchSplashActivity }
执行下班任务成功！！！！

延迟2分钟
2023-07-07是工作日
{'GG': True, 'sleep': 10}
执行下班任务中~~~
Starting: Intent { act=android.intent.action.MAIN cat=[android.intent.category.LAUNCHER] cmp=com.tencent.wework/.launch.LaunchSplashActivity }
执行下班任务成功！！！！

延迟1分钟
2023-07-08是休息日粗去玩~~~
延迟2分钟
2023-07-09是休息日粗去玩~~~
延迟1分钟
2023-07-10是工作日
{'GG': True, 'sleep': 10}
执行下班任务中~~~
Starting: Intent { act=android.intent.action.MAIN cat=[android.intent.category.LAUNCHER] cmp=com.tencent.wework/.launch.LaunchSplashActivity }
执行下班任务成功！！！！

延迟2分钟
2023-07-11是工作日
{'GG': True, 'sleep': 10}
执行下班任务中~~~
Starting: Intent { act=android.intent.action.MAIN cat=[android.intent.category.LAUNCHER] cmp=com.tencent.wework/.launch.LaunchSplashActivity }
执行下班任务成功！！！！

延迟1分钟
2023-07-12是工作日
{'GG': True, 'sleep': 10}
执行下班任务中~~~
Starting: Intent { act=android.intent.action.MAIN cat=[android.intent.category.LAUNCHER] cmp=com.tencent.wework/.launch.LaunchSplashActivity }
执行下班任务成功！！！！

延迟2分钟
2023-07-13是工作日
{'GG': True, 'sleep': 10}
执行下班任务中~~~
Starting: Intent { act=android.intent.action.MAIN cat=[android.intent.category.LAUNCHER] cmp=com.tencent.wework/.launch.LaunchSplashActivity }
执行下班任务成功！！！！

延迟1分钟
2023-07-14是工作日
{'GG': True, 'sleep': 10}
执行下班任务中~~~
Starting: Intent { act=android.intent.action.MAIN cat=[android.intent.category.LAUNCHER] cmp=com.tencent.wework/.launch.LaunchSplashActivity }
执行下班任务成功！！！！

延迟2分钟
2023-07-15是休息日粗去玩~~~
延迟2分钟
2023-07-16是休息日粗去玩~~~
延迟2分钟
2023-07-17是工作日
{'GG': True, 'sleep': 20}
执行下班任务中~~~
Starting: Intent { act=android.intent.action.MAIN cat=[android.intent.category.LAUNCHER] cmp=com.tencent.wework/.launch.LaunchSplashActivity }
执行下班任务成功！！！！

adb: more than one device/emulator
adb: more than one device/emulator
adb: more than one device/emulator
adb: more than one device/emulator
adb: more than one device/emulator
adb: more than one device/emulator
延迟2分钟
2023-07-18是工作日
{'GG': True, 'sleep': 20}
执行下班任务中~~~
执行下班任务成功！！！！

